#
# There is insufficient memory for the Java Runtime Environment to continue.
# Native memory allocation (mmap) failed to map 268435456 bytes for G1 virtual space
# Possible reasons:
#   The system is out of physical RAM or swap space
#   The process is running with CompressedOops enabled, and the Java Heap may be blocking the growth of the native heap
# Possible solutions:
#   Reduce memory load on the system
#   Increase physical memory or swap space
#   Check if swap backing store is full
#   Decrease Java heap size (-Xmx/-Xms)
#   Decrease number of Java threads
#   Decrease Java thread stack sizes (-Xss)
#   Set larger code cache with -XX:ReservedCodeCacheSize=
#   JVM is running with Zero Based Compressed Oops mode in which the Java heap is
#     placed in the first 32GB address space. The Java Heap base address is the
#     maximum limit for the native heap growth. Please use -XX:HeapBaseMinAddress
#     to set the Java Heap base and to place the Java Heap above 32GB virtual address.
# This output file may be truncated or incomplete.
#
#  Out of Memory Error (./open/src/hotspot/os/windows/os_windows.cpp:3472), pid=18676, tid=41740
#
# JRE version:  (15.0.1+9) (build )
# Java VM: OpenJDK 64-Bit Server VM (15.0.1+9-18, mixed mode, sharing, tiered, compressed oops, g1 gc, windows-amd64)
# No core dump will be written. Minidumps are not enabled by default on client versions of Windows
#

---------------  S U M M A R Y ------------

Command Line: -Dfile.encoding=Cp1252 --module-path=C:\Users\Abdie\Documents\Java\Diario\bin -XX:+ShowCodeDetailsInExceptionMessages -Djdk.module.main=Diario Diario/Diario.mainDiario

Host: AMD Ryzen 7 3700X 8-Core Processor             , 16 cores, 15G,  Windows 10 , 64 bit Build 22000 (10.0.22000.120)
Time: Mon Nov 15 18:23:43 2021 Hora estándar central (México) elapsed time: 0.008196 seconds (0d 0h 0m 0s)

---------------  T H R E A D  ---------------

Current thread (0x00000218931d2470):  JavaThread "Unknown thread" [_thread_in_vm, id=41740, stack(0x0000002c88400000,0x0000002c88500000)]

Stack: [0x0000002c88400000,0x0000002c88500000]
Native frames: (J=compiled Java code, j=interpreted, Vv=VM code, C=native code)
V  [jvm.dll+0x62ae9a]
V  [jvm.dll+0x781389]
V  [jvm.dll+0x782ae3]
V  [jvm.dll+0x783143]
V  [jvm.dll+0x216265]
V  [jvm.dll+0x6281d9]
V  [jvm.dll+0x61cd15]
V  [jvm.dll+0x2d01fd]
V  [jvm.dll+0x2d0062]
V  [jvm.dll+0x2d603c]
V  [jvm.dll+0x325b2a]
V  [jvm.dll+0x3251f4]
V  [jvm.dll+0x2a717a]
V  [jvm.dll+0x2a8318]
V  [jvm.dll+0x75e101]
V  [jvm.dll+0x3343e4]
V  [jvm.dll+0x73e826]
V  [jvm.dll+0x3b7777]
V  [jvm.dll+0x3b9201]
C  [jli.dll+0x52fb]
C  [ucrtbase.dll+0x26c0c]
C  [KERNEL32.DLL+0x154e0]
C  [ntdll.dll+0x485b]


---------------  P R O C E S S  ---------------

Threads class SMR info:
_java_thread_list=0x00007ffbdd204ff0, length=0, elements={
}

Java Threads: ( => current thread )

Other Threads:
  0x0000021893222be0 GCTaskThread "GC Thread#0" [stack: 0x0000002c88500000,0x0000002c88600000] [id=47948]
  0x00000218932344e0 ConcurrentGCThread "G1 Main Marker" [stack: 0x0000002c88600000,0x0000002c88700000] [id=47952]
  0x0000021893235150 ConcurrentGCThread "G1 Conc#0" [stack: 0x0000002c88700000,0x0000002c88800000] [id=42908]

[error occurred during error reporting (printing all threads), id 0xc0000005, EXCEPTION_ACCESS_VIOLATION (0xc0000005) at pc=0x00007ffbdc9f8047]

VM state: not at safepoint (not fully initialized)

VM Mutex/Monitor currently owned by a thread:  ([mutex/lock_event])
[0x00000218931cd850] Heap_lock - owner thread: 0x00000218931d2470

Heap address: 0x0000000701600000, size: 4074 MB, Compressed Oops mode: Zero based, Oop shift amount: 3
CDS archive(s) mapped at: [0x0000000000000000-0x0000000000000000-0x0000000000000000), size 0, SharedBaseAddress: 0x0000000800000000, ArchiveRelocationMode: 0.
Narrow klass base: 0x0000000000000000, Narrow klass shift: 0, Narrow klass range: 0x0

Heap:
 garbage-first heap   total 262144K, used 0K [0x0000000701600000, 0x0000000800000000)
  region size 2048K, 0 young (0K), 0 survivors (0K)
 Metaspace       used 0K, capacity 0K, committed 0K, reserved 0K
  class space    used 0K, capacity 0K, committed 0K, reserved 0K

Heap Regions: E=young(eden), S=young(survivor), O=old, HS=humongous(starts), HC=humongous(continues), CS=collection set, F=free, OA=open archive, CA=closed archive, TAMS=top-at-mark-start (previous, next)

Card table byte_map: [0x00000218a6c70000,0x00000218a7470000] _byte_map_base: 0x00000218a3465000

Marking Bits (Prev, Next): (CMBitMap*) 0x0000021893223450, (CMBitMap*) 0x0000021893223490
 Prev Bits: [0x00000218a7c70000, 0x00000218abc18000)
 Next Bits: [0x00000218abc20000, 0x00000218afbc8000)

GC Heap History (0 events):
No events

Deoptimization events (0 events):
No events

Classes unloaded (0 events):
No events

Classes redefined (0 events):
No events

Internal exceptions (0 events):
No events

Events (1 events):
Event: 0.005 Loaded shared library C:\Users\Abdie\.p2\pool\plugins\org.eclipse.justj.openjdk.hotspot.jre.full.win32.x86_64_15.0.1.v20201027-0507\jre\bin\java.dll


Dynamic libraries:
0x00007ff71dba0000 - 0x00007ff71dbad000 	C:\Users\Abdie\.p2\pool\plugins\org.eclipse.justj.openjdk.hotspot.jre.full.win32.x86_64_15.0.1.v20201027-0507\jre\bin\javaw.exe
0x00007ffc7a700000 - 0x00007ffc7a907000 	C:\WINDOWS\SYSTEM32\ntdll.dll
0x00007ffc79790000 - 0x00007ffc7984d000 	C:\WINDOWS\System32\KERNEL32.DLL
0x00007ffc781a0000 - 0x00007ffc78514000 	C:\WINDOWS\System32\KERNELBASE.dll
0x00007ffc77eb0000 - 0x00007ffc77fc1000 	C:\WINDOWS\System32\ucrtbase.dll
0x00007ffc72fb0000 - 0x00007ffc72fc8000 	C:\Users\Abdie\.p2\pool\plugins\org.eclipse.justj.openjdk.hotspot.jre.full.win32.x86_64_15.0.1.v20201027-0507\jre\bin\jli.dll
0x00007ffc72f90000 - 0x00007ffc72fa9000 	C:\Users\Abdie\.p2\pool\plugins\org.eclipse.justj.openjdk.hotspot.jre.full.win32.x86_64_15.0.1.v20201027-0507\jre\bin\VCRUNTIME140.dll
0x00007ffc78f20000 - 0x00007ffc790cc000 	C:\WINDOWS\System32\USER32.dll
0x00007ffc69380000 - 0x00007ffc69625000 	C:\WINDOWS\WinSxS\amd64_microsoft.windows.common-controls_6595b64144ccf1df_6.0.22000.120_none_9d947278b86cc467\COMCTL32.dll
0x00007ffc78170000 - 0x00007ffc78196000 	C:\WINDOWS\System32\win32u.dll
0x00007ffc7a5f0000 - 0x00007ffc7a693000 	C:\WINDOWS\System32\msvcrt.dll
0x00007ffc7a070000 - 0x00007ffc7a099000 	C:\WINDOWS\System32\GDI32.dll
0x00007ffc77fd0000 - 0x00007ffc780e2000 	C:\WINDOWS\System32\gdi32full.dll
0x00007ffc77ca0000 - 0x00007ffc77d3d000 	C:\WINDOWS\System32\msvcp_win.dll
0x00007ffc78970000 - 0x00007ffc789a1000 	C:\WINDOWS\System32\IMM32.DLL
0x00007ffc703c0000 - 0x00007ffc703cc000 	C:\Users\Abdie\.p2\pool\plugins\org.eclipse.justj.openjdk.hotspot.jre.full.win32.x86_64_15.0.1.v20201027-0507\jre\bin\vcruntime140_1.dll
0x00007ffc3df70000 - 0x00007ffc3e001000 	C:\Users\Abdie\.p2\pool\plugins\org.eclipse.justj.openjdk.hotspot.jre.full.win32.x86_64_15.0.1.v20201027-0507\jre\bin\msvcp140.dll
0x00007ffbdc740000 - 0x00007ffbdd29e000 	C:\Users\Abdie\.p2\pool\plugins\org.eclipse.justj.openjdk.hotspot.jre.full.win32.x86_64_15.0.1.v20201027-0507\jre\bin\server\jvm.dll
0x00007ffc796e0000 - 0x00007ffc7978c000 	C:\WINDOWS\System32\ADVAPI32.dll
0x00007ffc78b30000 - 0x00007ffc78bcd000 	C:\WINDOWS\System32\sechost.dll
0x00007ffc787c0000 - 0x00007ffc788e1000 	C:\WINDOWS\System32\RPCRT4.dll
0x00007ffc78b20000 - 0x00007ffc78b28000 	C:\WINDOWS\System32\PSAPI.DLL
0x00007ffc61d90000 - 0x00007ffc61d99000 	C:\WINDOWS\SYSTEM32\WSOCK32.dll
0x00007ffc71740000 - 0x00007ffc71773000 	C:\WINDOWS\SYSTEM32\WINMM.dll
0x00007ffc789c0000 - 0x00007ffc78a2f000 	C:\WINDOWS\System32\WS2_32.dll
0x00007ffc6ce60000 - 0x00007ffc6ce6a000 	C:\WINDOWS\SYSTEM32\VERSION.dll
0x00007ffc76d80000 - 0x00007ffc76d98000 	C:\WINDOWS\SYSTEM32\kernel.appcore.dll
0x00007ffc73270000 - 0x00007ffc7327a000 	C:\Users\Abdie\.p2\pool\plugins\org.eclipse.justj.openjdk.hotspot.jre.full.win32.x86_64_15.0.1.v20201027-0507\jre\bin\jimage.dll
0x00007ffc75870000 - 0x00007ffc75a91000 	C:\WINDOWS\SYSTEM32\DBGHELP.DLL
0x00007ffc6cb30000 - 0x00007ffc6cb61000 	C:\WINDOWS\SYSTEM32\dbgcore.DLL
0x00007ffc780f0000 - 0x00007ffc78170000 	C:\WINDOWS\System32\bcryptPrimitives.dll
0x00007ffc643b0000 - 0x00007ffc643d5000 	C:\Users\Abdie\.p2\pool\plugins\org.eclipse.justj.openjdk.hotspot.jre.full.win32.x86_64_15.0.1.v20201027-0507\jre\bin\java.dll

dbghelp: loaded successfully - version: 4.0.5 - missing functions: none
symbol engine: initialized successfully - sym options: 0x614 - pdb path: .;C:\Users\Abdie\.p2\pool\plugins\org.eclipse.justj.openjdk.hotspot.jre.full.win32.x86_64_15.0.1.v20201027-0507\jre\bin;C:\WINDOWS\SYSTEM32;C:\WINDOWS\WinSxS\amd64_microsoft.windows.common-controls_6595b64144ccf1df_6.0.22000.120_none_9d947278b86cc467;C:\Users\Abdie\.p2\pool\plugins\org.eclipse.justj.openjdk.hotspot.jre.full.win32.x86_64_15.0.1.v20201027-0507\jre\bin\server

VM Arguments:
jvm_args: -Dfile.encoding=Cp1252 --module-path=C:\Users\Abdie\Documents\Java\Diario\bin -XX:+ShowCodeDetailsInExceptionMessages -Djdk.module.main=Diario 
java_command: Diario/Diario.mainDiario
java_class_path (initial): <not set>
Launcher Type: SUN_STANDARD

[Global flags]
     intx CICompilerCount                          = 12                                        {product} {ergonomic}
     uint ConcGCThreads                            = 3                                         {product} {ergonomic}
     uint G1ConcRefinementThreads                  = 13                                        {product} {ergonomic}
   size_t G1HeapRegionSize                         = 2097152                                   {product} {ergonomic}
    uintx GCDrainStackTargetSize                   = 64                                        {product} {ergonomic}
   size_t InitialHeapSize                          = 268435456                                 {product} {ergonomic}
   size_t MarkStackSize                            = 4194304                                   {product} {ergonomic}
   size_t MaxHeapSize                              = 4271898624                                {product} {ergonomic}
   size_t MinHeapDeltaBytes                        = 2097152                                   {product} {ergonomic}
   size_t MinHeapSize                              = 8388608                                   {product} {ergonomic}
    uintx NonNMethodCodeHeapSize                   = 7602480                                {pd product} {ergonomic}
    uintx NonProfiledCodeHeapSize                  = 122027880                              {pd product} {ergonomic}
    uintx ProfiledCodeHeapSize                     = 122027880                              {pd product} {ergonomic}
    uintx ReservedCodeCacheSize                    = 251658240                              {pd product} {ergonomic}
     bool SegmentedCodeCache                       = true                                      {product} {ergonomic}
     bool ShowCodeDetailsInExceptionMessages       = true                                   {manageable} {command line}
   size_t SoftMaxHeapSize                          = 4271898624                             {manageable} {ergonomic}
     bool UseCompressedClassPointers               = true                                 {lp64_product} {ergonomic}
     bool UseCompressedOops                        = true                                 {lp64_product} {ergonomic}
     bool UseG1GC                                  = true                                      {product} {ergonomic}
     bool UseLargePagesIndividualAllocation        = false                                  {pd product} {ergonomic}

Logging:
Log output configuration:
 #0: stdout all=warning uptime,level,tags
 #1: stderr all=off uptime,level,tags

Environment Variables:
PATH=C:/Users/Abdie/.p2/pool/plugins/org.eclipse.justj.openjdk.hotspot.jre.full.win32.x86_64_15.0.1.v20201027-0507/jre/bin/server;C:/Users/Abdie/.p2/pool/plugins/org.eclipse.justj.openjdk.hotspot.jre.full.win32.x86_64_15.0.1.v20201027-0507/jre/bin;C:\Program Files (x86)\Common Files\Oracle\Java\javapath;C:\Program Files\AdoptOpenJDK\jdk-15.0.2.7-hotspot\bin;C:\WINDOWS\system32;C:\WINDOWS;C:\WINDOWS\System32\Wbem;C:\WINDOWS\System32\WindowsPowerShell\v1.0\;C:\WINDOWS\System32\OpenSSH\;C:\Program Files\dotnet\;C:\Users\Abdie\AppData\Local\Microsoft\WindowsApps;C:\Users\Abdie\AppData\Local\Programs\Microsoft VS Code\bin;C:\Users\Abdie\.dotnet\tools;C:\MinGW\bin;;C:\WINDOWS\System32;
USERNAME=Abdie
OS=Windows_NT
PROCESSOR_IDENTIFIER=AMD64 Family 23 Model 113 Stepping 0, AuthenticAMD



---------------  S Y S T E M  ---------------

OS:
 Windows 10 , 64 bit Build 22000 (10.0.22000.120)
OS uptime: 4 days 23:52 hours

CPU: total 16 (initial active 16) (16 cores per cpu, 2 threads per core) family 23 model 113 stepping 0 microcode 0x0, cmov, cx8, fxsr, mmx, sse, sse2, sse3, ssse3, sse4.1, sse4.2, popcnt, vzeroupper, avx, avx2, aes, clmul, 3dnowpref, lzcnt, sse4a, ht, tsc, tscinvbit, tscinv, bmi1, bmi2, adx, sha, fma, clflush, clflushopt

Memory: 4k page, system-wide physical 16294M (3658M free)
TotalPageFile size 65429M (AvailPageFile size 98M)
current process WorkingSet (physical memory assigned to process): 10M, peak: 10M
current process commit charge ("private bytes"): 70M, peak: 326M

vm_info: OpenJDK 64-Bit Server VM (15.0.1+9-18) for windows-amd64 JRE (15.0.1+9-18), built on Sep 15 2020 14:39:31 by "mach5one" with unknown MS VC++:1925

END.
